<?xml version="1.0" encoding="UTF-8"?>
<!-- Generated by org.testng.reporters.JUnitReportReporter -->
<testsuite hostname="DESKTOP-CT03M69" failures="0" tests="4" name="com.restAssured.qa.test.ReqresAPI" time="3.869" errors="0" timestamp="2022-11-13T12:35:34 IST" skipped="0">
  <testcase classname="com.restAssured.qa.test.ReqresAPI" name="verifyStatusCode" time="0.006"/>
  <system-out/>
  <testcase classname="com.restAssured.qa.test.ReqresAPI" name="verifyresPonseTime" time="0.003"/>
  <system-out/>
  <testcase classname="com.restAssured.qa.test.ReqresAPI" name="verifyStatusLine" time="0.003"/>
  <system-out/>
  <testcase classname="com.restAssured.qa.test.ReqresAPI" name="getBody" time="3.857"/>
  <system-out/>
</testsuite> <!-- com.restAssured.qa.test.ReqresAPI -->
