<?xml version="1.0" encoding="UTF-8"?>
<!-- Generated by org.testng.reporters.JUnitReportReporter -->
<testsuite hostname="DESKTOP-CT03M69" failures="0" tests="5" name="com.restAssured.qa.test.TC_01GET_ReqresAPI" time="4.132" errors="0" timestamp="2022-11-13T12:52:46 IST" skipped="0">
  <testcase classname="com.restAssured.qa.test.TC_01GET_ReqresAPI" name="verifyStatusLine" time="0.004"/>
  <system-out/>
  <testcase classname="com.restAssured.qa.test.TC_01GET_ReqresAPI" name="getBody" time="4.103"/>
  <system-out/>
  <testcase classname="com.restAssured.qa.test.TC_01GET_ReqresAPI" name="verifyStatusCode" time="0.006"/>
  <system-out/>
  <testcase classname="com.restAssured.qa.test.TC_01GET_ReqresAPI" name="verifyHeader" time="0.013"/>
  <system-out/>
  <testcase classname="com.restAssured.qa.test.TC_01GET_ReqresAPI" name="verifyresPonseTime" time="0.006"/>
  <system-out/>
</testsuite> <!-- com.restAssured.qa.test.TC_01GET_ReqresAPI -->
